#
# There is insufficient memory for the Java Runtime Environment to continue.
# Native memory allocation (mmap) failed to map 20971520 bytes. Error detail: G1 virtual space
# Possible reasons:
#   The system is out of physical RAM or swap space
#   This process is running with CompressedOops enabled, and the Java Heap may be blocking the growth of the native heap
# Possible solutions:
#   Reduce memory load on the system
#   Increase physical memory or swap space
#   Check if swap backing store is full
#   Decrease Java heap size (-Xmx/-Xms)
#   Decrease number of Java threads
#   Decrease Java thread stack sizes (-Xss)
#   Set larger code cache with -XX:ReservedCodeCacheSize=
#   JVM is running with Unscaled Compressed Oops mode in which the Java heap is
#     placed in the first 4GB address space. The Java Heap base address is the
#     maximum limit for the native heap growth. Please use -XX:HeapBaseMinAddress
#     to set the Java Heap base and to place the Java Heap above 4GB virtual address.
# This output file may be truncated or incomplete.
#
#  Out of Memory Error (os_windows.cpp:3815), pid=27688, tid=25860
#
# JRE version: OpenJDK Runtime Environment (21.0.3) (build 21.0.3+-12282718-b509.11)
# Java VM: OpenJDK 64-Bit Server VM (21.0.3+-12282718-b509.11, mixed mode, tiered, compressed oops, compressed class ptrs, g1 gc, windows-amd64)
# No core dump will be written. Minidumps are not enabled by default on client versions of Windows
#

---------------  S U M M A R Y ------------

Command Line: --add-opens=java.base/java.util=ALL-UNNAMED --add-opens=java.base/java.lang=ALL-UNNAMED --add-opens=java.base/java.lang.invoke=ALL-UNNAMED --add-opens=java.prefs/java.util.prefs=ALL-UNNAMED --add-exports=jdk.compiler/com.sun.tools.javac.api=ALL-UNNAMED --add-exports=jdk.compiler/com.sun.tools.javac.util=ALL-UNNAMED --add-opens=java.base/java.nio.charset=ALL-UNNAMED --add-opens=java.base/java.net=ALL-UNNAMED --add-opens=java.base/java.util.concurrent.atomic=ALL-UNNAMED -Xmx2048m -Dfile.encoding=UTF-8 -Duser.country=US -Duser.language=en -Duser.variant -javaagent:C:\Users\LENOVO\.gradle\wrapper\dists\gradle-8.10.2-bin\a04bxjujx95o3nb99gddekhwo\gradle-8.10.2\lib\agents\gradle-instrumentation-agent-8.10.2.jar org.gradle.launcher.daemon.bootstrap.GradleDaemon 8.10.2

Host: AMD Ryzen 5 5500U with Radeon Graphics         , 12 cores, 13G,  Windows 11 , 64 bit Build 26100 (10.0.26100.7019)
Time: Mon Dec  1 15:53:47 2025 SE Asia Standard Time elapsed time: 8.157405 seconds (0d 0h 0m 8s)

---------------  T H R E A D  ---------------

Current thread (0x000001ae397d7aa0):  VMThread "VM Thread"          [id=25860, stack(0x00000042faf00000,0x00000042fb000000) (1024K)]

Stack: [0x00000042faf00000,0x00000042fb000000]
Native frames: (J=compiled Java code, j=interpreted, Vv=VM code, C=native code)
V  [jvm.dll+0x6cafb9]
V  [jvm.dll+0x858523]
V  [jvm.dll+0x85aa7e]
V  [jvm.dll+0x85b163]
V  [jvm.dll+0x27d356]
V  [jvm.dll+0x6c7865]
V  [jvm.dll+0x6bbd3a]
V  [jvm.dll+0x35199b]
V  [jvm.dll+0x3595d6]
V  [jvm.dll+0x3aa826]
V  [jvm.dll+0x3aaaf8]
V  [jvm.dll+0x3240bc]
V  [jvm.dll+0x324147]
V  [jvm.dll+0x36a00c]
V  [jvm.dll+0x36879e]
V  [jvm.dll+0x3237c1]
V  [jvm.dll+0x367eb0]
V  [jvm.dll+0x860ac8]
V  [jvm.dll+0x861bc4]
V  [jvm.dll+0x862100]
V  [jvm.dll+0x862393]
V  [jvm.dll+0x800d78]
V  [jvm.dll+0x6c98cd]
C  [ucrtbase.dll+0x37b0]
C  [KERNEL32.DLL+0x2e8d7]
C  [ntdll.dll+0x8c53c]

VM_Operation (0x00000042fc8f6a20): G1CollectForAllocation, mode: safepoint, requested by thread 0x000001ae3f9b29c0


---------------  P R O C E S S  ---------------

Threads class SMR info:
_java_thread_list=0x000001ae3eea4770, length=46, elements={
0x000001ae1f822f40, 0x000001ae3986b690, 0x000001ae3986e880, 0x000001ae39870c20,
0x000001ae39881340, 0x000001ae3989f6f0, 0x000001ae398a48e0, 0x000001ae398a5df0,
0x000001ae398a9020, 0x000001ae399fdc90, 0x000001ae3e00ce10, 0x000001ae3f938ba0,
0x000001ae3f8e83b0, 0x000001ae3fc20d90, 0x000001ae3fa325f0, 0x000001ae3fb1c930,
0x000001ae3fb25960, 0x000001ae3f9c9850, 0x000001ae3f9b29c0, 0x000001ae3f9b36e0,
0x000001ae3f9b1ca0, 0x000001ae3f9b3050, 0x000001ae3f9b4400, 0x000001ae3f9b3d70,
0x000001ae3f9b2330, 0x000001ae3f9b5120, 0x000001ae3fe1e100, 0x000001ae3fe1e790,
0x000001ae3fe1f4b0, 0x000001ae3fe1ee20, 0x000001ae3fe1c030, 0x000001ae3fe1fb40,
0x000001ae3fe1da70, 0x000001ae3fe1cd50, 0x000001ae3fe1d3e0, 0x000001ae3fe1c6c0,
0x000001ae3fe21c10, 0x000001ae3fe201d0, 0x000001ae3fe22fc0, 0x000001ae3fe222a0,
0x000001ae3fe22930, 0x000001ae3fe21580, 0x000001ae3fe23650, 0x000001ae3fe20860,
0x000001ae3fe20ef0, 0x000001ae43046b50
}

Java Threads: ( => current thread )
  0x000001ae1f822f40 JavaThread "main"                              [_thread_blocked, id=23780, stack(0x00000042fa800000,0x00000042fa900000) (1024K)]
  0x000001ae3986b690 JavaThread "Reference Handler"          daemon [_thread_blocked, id=27520, stack(0x00000042fb000000,0x00000042fb100000) (1024K)]
  0x000001ae3986e880 JavaThread "Finalizer"                  daemon [_thread_blocked, id=16652, stack(0x00000042fb100000,0x00000042fb200000) (1024K)]
  0x000001ae39870c20 JavaThread "Signal Dispatcher"          daemon [_thread_blocked, id=23624, stack(0x00000042fb200000,0x00000042fb300000) (1024K)]
  0x000001ae39881340 JavaThread "Attach Listener"            daemon [_thread_blocked, id=2416, stack(0x00000042fb300000,0x00000042fb400000) (1024K)]
  0x000001ae3989f6f0 JavaThread "Service Thread"             daemon [_thread_blocked, id=26336, stack(0x00000042fb400000,0x00000042fb500000) (1024K)]
  0x000001ae398a48e0 JavaThread "Monitor Deflation Thread"   daemon [_thread_blocked, id=19328, stack(0x00000042fb500000,0x00000042fb600000) (1024K)]
  0x000001ae398a5df0 JavaThread "C2 CompilerThread0"         daemon [_thread_blocked, id=26244, stack(0x00000042fb600000,0x00000042fb700000) (1024K)]
  0x000001ae398a9020 JavaThread "C1 CompilerThread0"         daemon [_thread_blocked, id=15000, stack(0x00000042fb700000,0x00000042fb800000) (1024K)]
  0x000001ae399fdc90 JavaThread "Common-Cleaner"             daemon [_thread_blocked, id=21840, stack(0x00000042fb800000,0x00000042fb900000) (1024K)]
  0x000001ae3e00ce10 JavaThread "Notification Thread"        daemon [_thread_blocked, id=6596, stack(0x00000042fb900000,0x00000042fba00000) (1024K)]
  0x000001ae3f938ba0 JavaThread "C2 CompilerThread1"         daemon [_thread_blocked, id=13788, stack(0x00000042fba00000,0x00000042fbb00000) (1024K)]
  0x000001ae3f8e83b0 JavaThread "Daemon health stats"               [_thread_blocked, id=23208, stack(0x00000042fc200000,0x00000042fc300000) (1024K)]
  0x000001ae3fc20d90 JavaThread "Incoming local TCP Connector on port 60109"        [_thread_in_native, id=2140, stack(0x00000042fc300000,0x00000042fc400000) (1024K)]
  0x000001ae3fa325f0 JavaThread "Daemon periodic checks"            [_thread_blocked, id=3592, stack(0x00000042fc400000,0x00000042fc500000) (1024K)]
  0x000001ae3fb1c930 JavaThread "Daemon"                            [_thread_blocked, id=17812, stack(0x00000042fc500000,0x00000042fc600000) (1024K)]
  0x000001ae3fb25960 JavaThread "Handler for socket connection from /127.0.0.1:60109 to /127.0.0.1:60110"        [_thread_in_native, id=11420, stack(0x00000042fc600000,0x00000042fc700000) (1024K)]
  0x000001ae3f9c9850 JavaThread "Cancel handler"                    [_thread_blocked, id=13964, stack(0x00000042fc700000,0x00000042fc800000) (1024K)]
  0x000001ae3f9b29c0 JavaThread "Daemon worker"                     [_thread_blocked, id=24544, stack(0x00000042fc800000,0x00000042fc900000) (1024K)]
  0x000001ae3f9b36e0 JavaThread "Asynchronous log dispatcher for DefaultDaemonConnection: socket connection from /127.0.0.1:60109 to /127.0.0.1:60110"        [_thread_blocked, id=4100, stack(0x00000042fc900000,0x00000042fca00000) (1024K)]
  0x000001ae3f9b1ca0 JavaThread "Stdin handler"                     [_thread_blocked, id=22552, stack(0x00000042fca00000,0x00000042fcb00000) (1024K)]
  0x000001ae3f9b3050 JavaThread "Daemon client event forwarder"        [_thread_blocked, id=26276, stack(0x00000042fcb00000,0x00000042fcc00000) (1024K)]
  0x000001ae3f9b4400 JavaThread "Cache worker for journal cache (C:\Users\LENOVO\.gradle\caches\journal-1)"        [_thread_blocked, id=3336, stack(0x00000042fd000000,0x00000042fd100000) (1024K)]
  0x000001ae3f9b3d70 JavaThread "File lock request listener"        [_thread_in_native, id=16488, stack(0x00000042fd100000,0x00000042fd200000) (1024K)]
  0x000001ae3f9b2330 JavaThread "Cache worker for file hash cache (C:\Users\LENOVO\.gradle\caches\8.10.2\fileHashes)"        [_thread_blocked, id=12228, stack(0x00000042fd200000,0x00000042fd300000) (1024K)]
  0x000001ae3f9b5120 JavaThread "Cache worker for file hash cache (C:\Users\LENOVO\AndroidStudioProjects\LatihanApi\.gradle\8.10.2\fileHashes)"        [_thread_blocked, id=2740, stack(0x00000042fd400000,0x00000042fd500000) (1024K)]
  0x000001ae3fe1e100 JavaThread "Cache worker for Build Output Cleanup Cache (C:\Users\LENOVO\AndroidStudioProjects\LatihanApi\.gradle\buildOutputCleanup)"        [_thread_blocked, id=19292, stack(0x00000042fd500000,0x00000042fd600000) (1024K)]
  0x000001ae3fe1e790 JavaThread "File watcher server"        daemon [_thread_in_native, id=22888, stack(0x00000042fd600000,0x00000042fd700000) (1024K)]
  0x000001ae3fe1f4b0 JavaThread "File watcher consumer"      daemon [_thread_blocked, id=20988, stack(0x00000042fd700000,0x00000042fd800000) (1024K)]
  0x000001ae3fe1ee20 JavaThread "jar transforms"                    [_thread_blocked, id=19396, stack(0x00000042fd800000,0x00000042fd900000) (1024K)]
  0x000001ae3fe1c030 JavaThread "jar transforms Thread 2"           [_thread_blocked, id=20212, stack(0x00000042fd900000,0x00000042fda00000) (1024K)]
  0x000001ae3fe1fb40 JavaThread "jar transforms Thread 3"           [_thread_blocked, id=15920, stack(0x00000042fda00000,0x00000042fdb00000) (1024K)]
  0x000001ae3fe1da70 JavaThread "jar transforms Thread 4"           [_thread_blocked, id=26076, stack(0x00000042fdb00000,0x00000042fdc00000) (1024K)]
  0x000001ae3fe1cd50 JavaThread "jar transforms Thread 5"           [_thread_blocked, id=9852, stack(0x00000042fdc00000,0x00000042fdd00000) (1024K)]
  0x000001ae3fe1d3e0 JavaThread "jar transforms Thread 6"           [_thread_blocked, id=14280, stack(0x00000042fdd00000,0x00000042fde00000) (1024K)]
  0x000001ae3fe1c6c0 JavaThread "jar transforms Thread 7"           [_thread_blocked, id=10532, stack(0x00000042fde00000,0x00000042fdf00000) (1024K)]
  0x000001ae3fe21c10 JavaThread "jar transforms Thread 8"           [_thread_blocked, id=27472, stack(0x00000042fdf00000,0x00000042fe000000) (1024K)]
  0x000001ae3fe201d0 JavaThread "jar transforms Thread 9"           [_thread_blocked, id=6288, stack(0x00000042fe000000,0x00000042fe100000) (1024K)]
  0x000001ae3fe22fc0 JavaThread "jar transforms Thread 10"          [_thread_blocked, id=11424, stack(0x00000042fe100000,0x00000042fe200000) (1024K)]
  0x000001ae3fe222a0 JavaThread "jar transforms Thread 11"          [_thread_blocked, id=22956, stack(0x00000042fe200000,0x00000042fe300000) (1024K)]
  0x000001ae3fe22930 JavaThread "jar transforms Thread 12"          [_thread_blocked, id=7732, stack(0x00000042fe300000,0x00000042fe400000) (1024K)]
  0x000001ae3fe21580 JavaThread "Cache worker for checksums cache (C:\Users\LENOVO\AndroidStudioProjects\LatihanApi\.gradle\8.10.2\checksums)"        [_thread_blocked, id=18684, stack(0x00000042fe400000,0x00000042fe500000) (1024K)]
  0x000001ae3fe23650 JavaThread "Cache worker for file content cache (C:\Users\LENOVO\.gradle\caches\8.10.2\fileContent)"        [_thread_blocked, id=6684, stack(0x00000042fe500000,0x00000042fe600000) (1024K)]
  0x000001ae3fe20860 JavaThread "Cache worker for cache directory md-rule (C:\Users\LENOVO\.gradle\caches\8.10.2\md-rule)"        [_thread_blocked, id=11940, stack(0x00000042fe600000,0x00000042fe700000) (1024K)]
  0x000001ae3fe20ef0 JavaThread "Cache worker for cache directory md-supplier (C:\Users\LENOVO\.gradle\caches\8.10.2\md-supplier)"        [_thread_blocked, id=23260, stack(0x00000042fe700000,0x00000042fe800000) (1024K)]
  0x000001ae43046b50 JavaThread "C2 CompilerThread2"         daemon [_thread_blocked, id=7684, stack(0x00000042fd300000,0x00000042fd400000) (1024K)]
Total: 46

Other Threads:
=>0x000001ae397d7aa0 VMThread "VM Thread"                           [id=25860, stack(0x00000042faf00000,0x00000042fb000000) (1024K)]
  0x000001ae3964b0e0 WatcherThread "VM Periodic Task Thread"        [id=24728, stack(0x00000042fae00000,0x00000042faf00000) (1024K)]
  0x000001ae21ba0780 WorkerThread "GC Thread#0"                     [id=5624, stack(0x00000042fa900000,0x00000042faa00000) (1024K)]
  0x000001ae3e5b50a0 WorkerThread "GC Thread#1"                     [id=17256, stack(0x00000042fbc00000,0x00000042fbd00000) (1024K)]
  0x000001ae3e55c100 WorkerThread "GC Thread#2"                     [id=16432, stack(0x00000042fbd00000,0x00000042fbe00000) (1024K)]
  0x000001ae3e55c4a0 WorkerThread "GC Thread#3"                     [id=9856, stack(0x00000042fbe00000,0x00000042fbf00000) (1024K)]
  0x000001ae3e2dc1e0 WorkerThread "GC Thread#4"                     [id=2780, stack(0x00000042fbf00000,0x00000042fc000000) (1024K)]
  0x000001ae3fa4e9a0 WorkerThread "GC Thread#5"                     [id=26580, stack(0x00000042fbb00000,0x00000042fbc00000) (1024K)]
  0x000001ae3fa4f0e0 WorkerThread "GC Thread#6"                     [id=18736, stack(0x00000042fc000000,0x00000042fc100000) (1024K)]
  0x000001ae3fa4f480 WorkerThread "GC Thread#7"                     [id=388, stack(0x00000042fc100000,0x00000042fc200000) (1024K)]
  0x000001ae3fa4ed40 WorkerThread "GC Thread#8"                     [id=1564, stack(0x00000042fcc00000,0x00000042fcd00000) (1024K)]
  0x000001ae3fa4fbc0 WorkerThread "GC Thread#9"                     [id=12076, stack(0x00000042fcd00000,0x00000042fce00000) (1024K)]
  0x000001ae21bb24b0 ConcurrentGCThread "G1 Main Marker"            [id=11840, stack(0x00000042faa00000,0x00000042fab00000) (1024K)]
  0x000001ae21bb2ec0 WorkerThread "G1 Conc#0"                       [id=12572, stack(0x00000042fab00000,0x00000042fac00000) (1024K)]
  0x000001ae3fa4f820 WorkerThread "G1 Conc#1"                       [id=22908, stack(0x00000042fce00000,0x00000042fcf00000) (1024K)]
  0x000001ae3fa4e260 WorkerThread "G1 Conc#2"                       [id=7084, stack(0x00000042fcf00000,0x00000042fd000000) (1024K)]
  0x000001ae39517650 ConcurrentGCThread "G1 Refine#0"               [id=18524, stack(0x00000042fac00000,0x00000042fad00000) (1024K)]
  0x000001ae39519e90 ConcurrentGCThread "G1 Service"                [id=19636, stack(0x00000042fad00000,0x00000042fae00000) (1024K)]
Total: 18

Threads with active compile tasks:
Total: 0

VM state: at safepoint (normal execution)

VM Mutex/Monitor currently owned by a thread:  ([mutex/lock_event])
[0x00007ffd74d820c8] Threads_lock - owner thread: 0x000001ae397d7aa0
[0x00007ffd74d821c8] Heap_lock - owner thread: 0x000001ae3f9b29c0

Heap address: 0x0000000080000000, size: 2048 MB, Compressed Oops mode: 32-bit

CDS archive(s) not mapped
Compressed class space mapped at: 0x0000000100000000-0x0000000140000000, reserved size: 1073741824
Narrow klass base: 0x0000000000000000, Narrow klass shift: 3, Narrow klass range: 0x140000000

GC Precious Log:
 CardTable entry size: 512
 Card Set container configuration: InlinePtr #cards 5 size 8 Array Of Cards #cards 12 size 40 Howl #buckets 4 coarsen threshold 1843 Howl Bitmap #cards 512 size 80 coarsen threshold 460 Card regions per heap region 1 cards per card region 2048
 CPUs: 12 total, 12 available
 Memory: 14181M
 Large Page Support: Disabled
 NUMA Support: Disabled
 Compressed Oops: Enabled (32-bit)
 Heap Region Size: 1M
 Heap Min Capacity: 8M
 Heap Initial Capacity: 222M
 Heap Max Capacity: 2G
 Pre-touch: Disabled
 Parallel Workers: 10
 Concurrent Workers: 3
 Concurrent Refinement Workers: 10
 Periodic GC: Disabled

Heap:
 garbage-first heap   total 99328K, used 54091K [0x0000000080000000, 0x0000000100000000)
  region size 1024K, 3 young (3072K), 3 survivors (3072K)
 Metaspace       used 54339K, committed 55808K, reserved 1114112K
  class space    used 7418K, committed 8128K, reserved 1048576K

Heap Regions: E=young(eden), S=young(survivor), O=old, HS=humongous(starts), HC=humongous(continues), CS=collection set, F=free, TAMS=top-at-mark-start, PB=parsable bottom
|   0|0x0000000080000000, 0x0000000080100000, 0x0000000080100000|100%| O|  |TAMS 0x0000000080000000| PB 0x0000000080000000| Untracked 
|   1|0x0000000080100000, 0x0000000080200000, 0x0000000080200000|100%| O|  |TAMS 0x0000000080100000| PB 0x0000000080100000| Untracked 
|   2|0x0000000080200000, 0x0000000080300000, 0x0000000080300000|100%|HS|  |TAMS 0x0000000080200000| PB 0x0000000080200000| Complete 
|   3|0x0000000080300000, 0x0000000080400000, 0x0000000080400000|100%|HC|  |TAMS 0x0000000080300000| PB 0x0000000080300000| Complete 
|   4|0x0000000080400000, 0x0000000080500000, 0x0000000080500000|100%|HC|  |TAMS 0x0000000080400000| PB 0x0000000080400000| Complete 
|   5|0x0000000080500000, 0x0000000080600000, 0x0000000080600000|100%|HC|  |TAMS 0x0000000080500000| PB 0x0000000080500000| Complete 
|   6|0x0000000080600000, 0x0000000080700000, 0x0000000080700000|100%| O|  |TAMS 0x0000000080600000| PB 0x0000000080600000| Untracked 
|   7|0x0000000080700000, 0x0000000080800000, 0x0000000080800000|100%| O|  |TAMS 0x0000000080700000| PB 0x0000000080700000| Untracked 
|   8|0x0000000080800000, 0x0000000080900000, 0x0000000080900000|100%| O|  |TAMS 0x0000000080800000| PB 0x0000000080800000| Untracked 
|   9|0x0000000080900000, 0x0000000080a00000, 0x0000000080a00000|100%|HS|  |TAMS 0x0000000080900000| PB 0x0000000080900000| Complete 
|  10|0x0000000080a00000, 0x0000000080b00000, 0x0000000080b00000|100%| O|  |TAMS 0x0000000080a00000| PB 0x0000000080a00000| Untracked 
|  11|0x0000000080b00000, 0x0000000080c00000, 0x0000000080c00000|100%| O|  |TAMS 0x0000000080b00000| PB 0x0000000080b00000| Untracked 
|  12|0x0000000080c00000, 0x0000000080d00000, 0x0000000080d00000|100%|HS|  |TAMS 0x0000000080c00000| PB 0x0000000080c00000| Complete 
|  13|0x0000000080d00000, 0x0000000080e00000, 0x0000000080e00000|100%|HS|  |TAMS 0x0000000080d00000| PB 0x0000000080d00000| Complete 
|  14|0x0000000080e00000, 0x0000000080f00000, 0x0000000080f00000|100%|HC|  |TAMS 0x0000000080e00000| PB 0x0000000080e00000| Complete 
|  15|0x0000000080f00000, 0x0000000081000000, 0x0000000081000000|100%|HC|  |TAMS 0x0000000080f00000| PB 0x0000000080f00000| Complete 
|  16|0x0000000081000000, 0x0000000081100000, 0x0000000081100000|100%|HC|  |TAMS 0x0000000081000000| PB 0x0000000081000000| Complete 
|  17|0x0000000081100000, 0x0000000081200000, 0x0000000081200000|100%|HC|  |TAMS 0x0000000081100000| PB 0x0000000081100000| Complete 
|  18|0x0000000081200000, 0x0000000081300000, 0x0000000081300000|100%|HC|  |TAMS 0x0000000081200000| PB 0x0000000081200000| Complete 
|  19|0x0000000081300000, 0x0000000081400000, 0x0000000081400000|100%|HS|  |TAMS 0x0000000081300000| PB 0x0000000081300000| Complete 
|  20|0x0000000081400000, 0x0000000081500000, 0x0000000081500000|100%|HC|  |TAMS 0x0000000081400000| PB 0x0000000081400000| Complete 
|  21|0x0000000081500000, 0x0000000081600000, 0x0000000081600000|100%|HC|  |TAMS 0x0000000081500000| PB 0x0000000081500000| Complete 
|  22|0x0000000081600000, 0x0000000081700000, 0x0000000081700000|100%|HS|  |TAMS 0x0000000081600000| PB 0x0000000081600000| Complete 
|  23|0x0000000081700000, 0x0000000081800000, 0x0000000081800000|100%|HC|  |TAMS 0x0000000081700000| PB 0x0000000081700000| Complete 
|  24|0x0000000081800000, 0x0000000081900000, 0x0000000081900000|100%| O|  |TAMS 0x0000000081800000| PB 0x0000000081800000| Untracked 
|  25|0x0000000081900000, 0x0000000081a00000, 0x0000000081a00000|100%| O|  |TAMS 0x0000000081900000| PB 0x0000000081900000| Untracked 
|  26|0x0000000081a00000, 0x0000000081b00000, 0x0000000081b00000|100%| O|  |TAMS 0x0000000081a00000| PB 0x0000000081a00000| Untracked 
|  27|0x0000000081b00000, 0x0000000081c00000, 0x0000000081c00000|100%| O|  |TAMS 0x0000000081b00000| PB 0x0000000081b00000| Untracked 
|  28|0x0000000081c00000, 0x0000000081d00000, 0x0000000081d00000|100%| O|  |TAMS 0x0000000081c00000| PB 0x0000000081c00000| Untracked 
|  29|0x0000000081d00000, 0x0000000081e00000, 0x0000000081e00000|100%| O|  |TAMS 0x0000000081d00000| PB 0x0000000081d00000| Untracked 
|  30|0x0000000081e00000, 0x0000000081f00000, 0x0000000081f00000|100%| O|  |TAMS 0x0000000081e00000| PB 0x0000000081e00000| Untracked 
|  31|0x0000000081f00000, 0x0000000082000000, 0x0000000082000000|100%| O|  |TAMS 0x0000000081f00000| PB 0x0000000081f00000| Untracked 
|  32|0x0000000082000000, 0x0000000082100000, 0x0000000082100000|100%| O|  |TAMS 0x0000000082000000| PB 0x0000000082000000| Untracked 
|  33|0x0000000082100000, 0x0000000082200000, 0x0000000082200000|100%| O|  |TAMS 0x0000000082100000| PB 0x0000000082100000| Untracked 
|  34|0x0000000082200000, 0x0000000082300000, 0x0000000082300000|100%| O|  |TAMS 0x0000000082200000| PB 0x0000000082200000| Untracked 
|  35|0x0000000082300000, 0x0000000082400000, 0x0000000082400000|100%| O|  |TAMS 0x0000000082300000| PB 0x0000000082300000| Untracked 
|  36|0x0000000082400000, 0x0000000082500000, 0x0000000082500000|100%| O|  |TAMS 0x0000000082400000| PB 0x0000000082400000| Untracked 
|  37|0x0000000082500000, 0x0000000082600000, 0x0000000082600000|100%| O|  |TAMS 0x0000000082500000| PB 0x0000000082500000| Untracked 
|  38|0x0000000082600000, 0x0000000082700000, 0x0000000082700000|100%| O|  |TAMS 0x0000000082600000| PB 0x0000000082600000| Untracked 
|  39|0x0000000082700000, 0x0000000082800000, 0x0000000082800000|100%| O|  |TAMS 0x0000000082700000| PB 0x0000000082700000| Untracked 
|  40|0x0000000082800000, 0x0000000082900000, 0x0000000082900000|100%| O|  |TAMS 0x0000000082800000| PB 0x0000000082800000| Untracked 
|  41|0x0000000082900000, 0x0000000082900000, 0x0000000082a00000|  0%| F|  |TAMS 0x0000000082900000| PB 0x0000000082900000| Untracked 
|  42|0x0000000082a00000, 0x0000000082b00000, 0x0000000082b00000|100%| O|  |TAMS 0x0000000082a00000| PB 0x0000000082a00000| Untracked 
|  43|0x0000000082b00000, 0x0000000082c00000, 0x0000000082c00000|100%| O|  |TAMS 0x0000000082b00000| PB 0x0000000082b00000| Untracked 
|  44|0x0000000082c00000, 0x0000000082d00000, 0x0000000082d00000|100%| O|  |TAMS 0x0000000082c00000| PB 0x0000000082c00000| Untracked 
|  45|0x0000000082d00000, 0x0000000082e00000, 0x0000000082e00000|100%| O|Cm|TAMS 0x0000000082d00000| PB 0x0000000082d00000| Complete 
|  46|0x0000000082e00000, 0x0000000082e00000, 0x0000000082f00000|  0%| F|  |TAMS 0x0000000082e00000| PB 0x0000000082e00000| Untracked 
|  47|0x0000000082f00000, 0x0000000082f00000, 0x0000000083000000|  0%| F|  |TAMS 0x0000000082f00000| PB 0x0000000082f00000| Untracked 
|  48|0x0000000083000000, 0x0000000083100000, 0x0000000083100000|100%| O|  |TAMS 0x0000000083000000| PB 0x0000000083000000| Untracked 
|  49|0x0000000083100000, 0x0000000083200000, 0x0000000083200000|100%| O|  |TAMS 0x0000000083100000| PB 0x0000000083100000| Untracked 
|  50|0x0000000083200000, 0x0000000083200000, 0x0000000083300000|  0%| F|  |TAMS 0x0000000083200000| PB 0x0000000083200000| Untracked 
|  51|0x0000000083300000, 0x0000000083300000, 0x0000000083400000|  0%| F|  |TAMS 0x0000000083300000| PB 0x0000000083300000| Untracked 
|  52|0x0000000083400000, 0x000000008348a0f0, 0x0000000083500000| 53%| O|  |TAMS 0x0000000083400000| PB 0x0000000083400000| Untracked 
|  53|0x0000000083500000, 0x0000000083500000, 0x0000000083600000|  0%| F|  |TAMS 0x0000000083500000| PB 0x0000000083500000| Untracked 
|  54|0x0000000083600000, 0x0000000083600000, 0x0000000083700000|  0%| F|  |TAMS 0x0000000083600000| PB 0x0000000083600000| Untracked 
|  55|0x0000000083700000, 0x0000000083700000, 0x0000000083800000|  0%| F|  |TAMS 0x0000000083700000| PB 0x0000000083700000| Untracked 
|  56|0x0000000083800000, 0x0000000083800000, 0x0000000083900000|  0%| F|  |TAMS 0x0000000083800000| PB 0x0000000083800000| Untracked 
|  57|0x0000000083900000, 0x0000000083900000, 0x0000000083a00000|  0%| F|  |TAMS 0x0000000083900000| PB 0x0000000083900000| Untracked 
|  58|0x0000000083a00000, 0x0000000083a00000, 0x0000000083b00000|  0%| F|  |TAMS 0x0000000083a00000| PB 0x0000000083a00000| Untracked 
|  59|0x0000000083b00000, 0x0000000083b48ee0, 0x0000000083c00000| 28%| S|CS|TAMS 0x0000000083b00000| PB 0x0000000083b00000| Complete 
|  60|0x0000000083c00000, 0x0000000083d00000, 0x0000000083d00000|100%| S|CS|TAMS 0x0000000083c00000| PB 0x0000000083c00000| Complete 
|  61|0x0000000083d00000, 0x0000000083e00000, 0x0000000083e00000|100%| S|CS|TAMS 0x0000000083d00000| PB 0x0000000083d00000| Complete 
|  62|0x0000000083e00000, 0x0000000083e00000, 0x0000000083f00000|  0%| F|  |TAMS 0x0000000083e00000| PB 0x0000000083e00000| Untracked 
|  63|0x0000000083f00000, 0x0000000083f00000, 0x0000000084000000|  0%| F|  |TAMS 0x0000000083f00000| PB 0x0000000083f00000| Untracked 
|  64|0x0000000084000000, 0x0000000084000000, 0x0000000084100000|  0%| F|  |TAMS 0x0000000084000000| PB 0x0000000084000000| Untracked 
|  65|0x0000000084100000, 0x0000000084100000, 0x0000000084200000|  0%| F|  |TAMS 0x0000000084100000| PB 0x0000000084100000| Untracked 
|  66|0x0000000084200000, 0x0000000084200000, 0x0000000084300000|  0%| F|  |TAMS 0x0000000084200000| PB 0x0000000084200000| Untracked 
|  67|0x0000000084300000, 0x0000000084300000, 0x0000000084400000|  0%| F|  |TAMS 0x0000000084300000| PB 0x0000000084300000| Untracked 
|  68|0x0000000084400000, 0x0000000084400000, 0x0000000084500000|  0%| F|  |TAMS 0x0000000084400000| PB 0x0000000084400000| Untracked 
|  69|0x0000000084500000, 0x0000000084500000, 0x0000000084600000|  0%| F|  |TAMS 0x0000000084500000| PB 0x0000000084500000| Untracked 
|  70|0x0000000084600000, 0x0000000084600000, 0x0000000084700000|  0%| F|  |TAMS 0x0000000084600000| PB 0x0000000084600000| Untracked 
|  71|0x0000000084700000, 0x0000000084700000, 0x0000000084800000|  0%| F|  |TAMS 0x0000000084700000| PB 0x0000000084700000| Untracked 
|  72|0x0000000084800000, 0x0000000084800000, 0x0000000084900000|  0%| F|  |TAMS 0x0000000084800000| PB 0x0000000084800000| Untracked 
|  73|0x0000000084900000, 0x0000000084900000, 0x0000000084a00000|  0%| F|  |TAMS 0x0000000084900000| PB 0x0000000084900000| Untracked 
|  74|0x0000000084a00000, 0x0000000084a00000, 0x0000000084b00000|  0%| F|  |TAMS 0x0000000084a00000| PB 0x0000000084a00000| Untracked 
|  75|0x0000000084b00000, 0x0000000084b00000, 0x0000000084c00000|  0%| F|  |TAMS 0x0000000084b00000| PB 0x0000000084b00000| Untracked 
|  76|0x0000000084c00000, 0x0000000084c00000, 0x0000000084d00000|  0%| F|  |TAMS 0x0000000084c00000| PB 0x0000000084c00000| Untracked 
|  77|0x0000000084d00000, 0x0000000084d00000, 0x0000000084e00000|  0%| F|  |TAMS 0x0000000084d00000| PB 0x0000000084d00000| Untracked 
|  78|0x0000000084e00000, 0x0000000084e00000, 0x0000000084f00000|  0%| F|  |TAMS 0x0000000084e00000| PB 0x0000000084e00000| Untracked 
|  79|0x0000000084f00000, 0x0000000084f00000, 0x0000000085000000|  0%| F|  |TAMS 0x0000000084f00000| PB 0x0000000084f00000| Untracked 
|  80|0x0000000085000000, 0x0000000085000000, 0x0000000085100000|  0%| F|  |TAMS 0x0000000085000000| PB 0x0000000085000000| Untracked 
|  81|0x0000000085100000, 0x0000000085100000, 0x0000000085200000|  0%| F|  |TAMS 0x0000000085100000| PB 0x0000000085100000| Untracked 
| 192|0x000000008c000000, 0x000000008c000000, 0x000000008c100000|  0%| F|  |TAMS 0x000000008c000000| PB 0x000000008c000000| Untracked 
| 193|0x000000008c100000, 0x000000008c100000, 0x000000008c200000|  0%| F|  |TAMS 0x000000008c100000| PB 0x000000008c100000| Untracked 
| 194|0x000000008c200000, 0x000000008c200000, 0x000000008c300000|  0%| F|  |TAMS 0x000000008c200000| PB 0x000000008c200000| Untracked 
| 195|0x000000008c300000, 0x000000008c300000, 0x000000008c400000|  0%| F|  |TAMS 0x000000008c300000| PB 0x000000008c300000| Untracked 
| 196|0x000000008c400000, 0x000000008c400000, 0x000000008c500000|  0%| F|  |TAMS 0x000000008c400000| PB 0x000000008c400000| Untracked 
| 197|0x000000008c500000, 0x000000008c500000, 0x000000008c600000|  0%| F|  |TAMS 0x000000008c500000| PB 0x000000008c500000| Untracked 
| 198|0x000000008c600000, 0x000000008c600000, 0x000000008c700000|  0%| F|  |TAMS 0x000000008c600000| PB 0x000000008c600000| Untracked 
| 199|0x000000008c700000, 0x000000008c700000, 0x000000008c800000|  0%| F|  |TAMS 0x000000008c700000| PB 0x000000008c700000| Untracked 
| 200|0x000000008c800000, 0x000000008c800000, 0x000000008c900000|  0%| F|  |TAMS 0x000000008c800000| PB 0x000000008c800000| Untracked 
| 201|0x000000008c900000, 0x000000008c900000, 0x000000008ca00000|  0%| F|  |TAMS 0x000000008c900000| PB 0x000000008c900000| Untracked 
| 220|0x000000008dc00000, 0x000000008dc00000, 0x000000008dd00000|  0%| F|  |TAMS 0x000000008dc00000| PB 0x000000008dc00000| Untracked 
| 221|0x000000008dd00000, 0x000000008dd00000, 0x000000008de00000|  0%| F|  |TAMS 0x000000008dd00000| PB 0x000000008dd00000| Untracked 
|2045|0x00000000ffd00000, 0x00000000ffe00000, 0x00000000ffe00000|100%| O|  |TAMS 0x00000000ffd00000| PB 0x00000000ffd00000| Untracked 
|2046|0x00000000ffe00000, 0x00000000fff00000, 0x00000000fff00000|100%| O|  |TAMS 0x00000000ffe00000| PB 0x00000000ffe00000| Untracked 
|2047|0x00000000fff00000, 0x0000000100000000, 0x0000000100000000|100%| O|  |TAMS 0x00000000fff00000| PB 0x00000000fff00000| Untracked 

Card table byte_map: [0x000001ae345e0000,0x000001ae349e0000] _byte_map_base: 0x000001ae341e0000

Marking Bits: (CMBitMap*) 0x000001ae21ba0d90
 Bits: [0x000001ae349e0000, 0x000001ae369e0000)

Polling page: 0x000001ae1fad0000

Metaspace:

Usage:
  Non-class:     45.82 MB used.
      Class:      7.24 MB used.
       Both:     53.07 MB used.

Virtual space:
  Non-class space:       64.00 MB reserved,      46.56 MB ( 73%) committed,  1 nodes.
      Class space:        1.00 GB reserved,       7.94 MB ( <1%) committed,  1 nodes.
             Both:        1.06 GB reserved,      54.50 MB (  5%) committed. 

Chunk freelists:
   Non-Class:  1.16 MB
       Class:  7.89 MB
        Both:  9.05 MB

MaxMetaspaceSize: unlimited
CompressedClassSpaceSize: 1.00 GB
Initial GC threshold: 21.00 MB
Current GC threshold: 84.00 MB
CDS: off
 - commit_granule_bytes: 65536.
 - commit_granule_words: 8192.
 - virtual_space_node_default_size: 8388608.
 - enlarge_chunks_in_place: 1.
 - use_allocation_guard: 0.


Internal statistics:

num_allocs_failed_limit: 9.
num_arena_births: 2656.
num_arena_deaths: 0.
num_vsnodes_births: 2.
num_vsnodes_deaths: 0.
num_space_committed: 872.
num_space_uncommitted: 0.
num_chunks_returned_to_freelist: 9.
num_chunks_taken_from_freelist: 4816.
num_chunk_merges: 9.
num_chunk_splits: 3058.
num_chunks_enlarged: 1840.
num_inconsistent_stats: 0.

CodeHeap 'non-profiled nmethods': size=120000Kb used=2542Kb max_used=2585Kb free=117457Kb
 bounds [0x000001ae2c760000, 0x000001ae2c9f0000, 0x000001ae33c90000]
CodeHeap 'profiled nmethods': size=120000Kb used=8558Kb max_used=8558Kb free=111441Kb
 bounds [0x000001ae24c90000, 0x000001ae254f0000, 0x000001ae2c1c0000]
CodeHeap 'non-nmethods': size=5760Kb used=2674Kb max_used=2718Kb free=3085Kb
 bounds [0x000001ae2c1c0000, 0x000001ae2c470000, 0x000001ae2c760000]
 total_blobs=5260 nmethods=4427 adapters=737
 compilation: enabled
              stopped_count=0, restarted_count=0
 full_count=0

Compilation events (20 events):
Event: 6.629 Thread 0x000001ae398a5df0 nmethod 5015 0x000001ae2c8bfe90 code [0x000001ae2c8c0020, 0x000001ae2c8c01a8]
Event: 6.632 Thread 0x000001ae398a5df0 5016       4       java.lang.invoke.InvokerBytecodeGenerator::emitPushArgument (150 bytes)
Event: 6.633 Thread 0x000001ae3f938ba0 5017       4       java.lang.invoke.InvokerBytecodeGenerator::emitImplicitConversion (161 bytes)
Event: 6.645 Thread 0x000001ae398a9020 5022       3       com.google.common.collect.RegularImmutableSet::size (6 bytes)
Event: 6.645 Thread 0x000001ae398a9020 nmethod 5022 0x000001ae250fbd90 code [0x000001ae250fbf20, 0x000001ae250fc038]
Event: 6.645 Thread 0x000001ae398a9020 5023       1       sun.reflect.generics.tree.Wildcard::getUpperBounds (5 bytes)
Event: 6.645 Thread 0x000001ae398a9020 nmethod 5023 0x000001ae2c8bef90 code [0x000001ae2c8bf120, 0x000001ae2c8bf1e8]
Event: 6.651 Thread 0x000001ae43046b50 nmethod 5013 0x000001ae2c8ea410 code [0x000001ae2c8ea860, 0x000001ae2c8ebcf8]
Event: 6.652 Thread 0x000001ae43046b50 5024       4       org.objectweb.asm.Type::getArgumentsAndReturnSizes (140 bytes)
Event: 6.652 Thread 0x000001ae398a9020 5025   !   3       java.util.concurrent.LinkedBlockingQueue::poll (128 bytes)
Event: 6.653 Thread 0x000001ae3f938ba0 nmethod 5017 0x000001ae2c8bce90 code [0x000001ae2c8bd160, 0x000001ae2c8be1d8]
Event: 6.653 Thread 0x000001ae398a9020 nmethod 5025 0x000001ae24e01e90 code [0x000001ae24e022c0, 0x000001ae24e04020]
Event: 6.658 Thread 0x000001ae43046b50 nmethod 5024 0x000001ae2c8e9290 code [0x000001ae2c8e94c0, 0x000001ae2c8e9ce8]
Event: 6.667 Thread 0x000001ae398a9020 5026   !   3       java.lang.Thread::sleep (82 bytes)
Event: 6.668 Thread 0x000001ae398a9020 nmethod 5026 0x000001ae24e01110 code [0x000001ae24e01340, 0x000001ae24e01b90]
Event: 6.668 Thread 0x000001ae398a9020 5027   !   3       java.lang.Thread::beforeSleep (33 bytes)
Event: 6.668 Thread 0x000001ae398a9020 nmethod 5027 0x000001ae24e00c90 code [0x000001ae24e00e40, 0x000001ae24e01008]
Event: 6.668 Thread 0x000001ae398a9020 5028       3       org.gradle.launcher.daemon.server.exec.DaemonConnectionBackedEventConsumer$ForwardEvents::moreMessagesToSend (35 bytes)
Event: 6.668 Thread 0x000001ae398a9020 nmethod 5028 0x000001ae24e00710 code [0x000001ae24e008c0, 0x000001ae24e00b70]
Event: 6.672 Thread 0x000001ae398a5df0 nmethod 5016 0x000001ae2c8e6490 code [0x000001ae2c8e6820, 0x000001ae2c8e8080]

GC Heap History (20 events):
Event: 0.669 GC heap after
{Heap after GC invocations=1 (full 0):
 garbage-first heap   total 227328K, used 4208K [0x0000000080000000, 0x0000000100000000)
  region size 1024K, 3 young (3072K), 3 survivors (3072K)
 Metaspace       used 7945K, committed 8128K, reserved 1114112K
  class space    used 713K, committed 768K, reserved 1048576K
}
Event: 1.361 GC heap before
{Heap before GC invocations=1 (full 0):
 garbage-first heap   total 227328K, used 41072K [0x0000000080000000, 0x0000000100000000)
  region size 1024K, 36 young (36864K), 3 survivors (3072K)
 Metaspace       used 12096K, committed 12288K, reserved 1114112K
  class space    used 1286K, committed 1408K, reserved 1048576K
}
Event: 1.365 GC heap after
{Heap after GC invocations=2 (full 0):
 garbage-first heap   total 227328K, used 12262K [0x0000000080000000, 0x0000000100000000)
  region size 1024K, 4 young (4096K), 4 survivors (4096K)
 Metaspace       used 12096K, committed 12288K, reserved 1114112K
  class space    used 1286K, committed 1408K, reserved 1048576K
}
Event: 2.124 GC heap before
{Heap before GC invocations=2 (full 0):
 garbage-first heap   total 227328K, used 61414K [0x0000000080000000, 0x0000000100000000)
  region size 1024K, 50 young (51200K), 4 survivors (4096K)
 Metaspace       used 15029K, committed 15232K, reserved 1114112K
  class space    used 1663K, committed 1792K, reserved 1048576K
}
Event: 2.129 GC heap after
{Heap after GC invocations=3 (full 0):
 garbage-first heap   total 227328K, used 18665K [0x0000000080000000, 0x0000000100000000)
  region size 1024K, 7 young (7168K), 7 survivors (7168K)
 Metaspace       used 15029K, committed 15232K, reserved 1114112K
  class space    used 1663K, committed 1792K, reserved 1048576K
}
Event: 2.664 GC heap before
{Heap before GC invocations=3 (full 0):
 garbage-first heap   total 227328K, used 38121K [0x0000000080000000, 0x0000000100000000)
  region size 1024K, 27 young (27648K), 7 survivors (7168K)
 Metaspace       used 21171K, committed 21504K, reserved 1114112K
  class space    used 2449K, committed 2624K, reserved 1048576K
}
Event: 2.669 GC heap after
{Heap after GC invocations=4 (full 0):
 garbage-first heap   total 227328K, used 21298K [0x0000000080000000, 0x0000000100000000)
  region size 1024K, 10 young (10240K), 10 survivors (10240K)
 Metaspace       used 21171K, committed 21504K, reserved 1114112K
  class space    used 2449K, committed 2624K, reserved 1048576K
}
Event: 3.894 GC heap before
{Heap before GC invocations=5 (full 0):
 garbage-first heap   total 81920K, used 79666K [0x0000000080000000, 0x0000000100000000)
  region size 1024K, 68 young (69632K), 10 survivors (10240K)
 Metaspace       used 30632K, committed 31232K, reserved 1114112K
  class space    used 3998K, committed 4288K, reserved 1048576K
}
Event: 3.901 GC heap after
{Heap after GC invocations=6 (full 0):
 garbage-first heap   total 96256K, used 24927K [0x0000000080000000, 0x0000000100000000)
  region size 1024K, 11 young (11264K), 11 survivors (11264K)
 Metaspace       used 30632K, committed 31232K, reserved 1114112K
  class space    used 3998K, committed 4288K, reserved 1048576K
}
Event: 4.479 GC heap before
{Heap before GC invocations=6 (full 0):
 garbage-first heap   total 96256K, used 72031K [0x0000000080000000, 0x0000000100000000)
  region size 1024K, 48 young (49152K), 11 survivors (11264K)
 Metaspace       used 35148K, committed 35968K, reserved 1114112K
  class space    used 4770K, committed 5184K, reserved 1048576K
}
Event: 4.486 GC heap after
{Heap after GC invocations=7 (full 0):
 garbage-first heap   total 96256K, used 40887K [0x0000000080000000, 0x0000000100000000)
  region size 1024K, 7 young (7168K), 7 survivors (7168K)
 Metaspace       used 35148K, committed 35968K, reserved 1114112K
  class space    used 4770K, committed 5184K, reserved 1048576K
}
Event: 4.560 GC heap before
{Heap before GC invocations=7 (full 0):
 garbage-first heap   total 96256K, used 44983K [0x0000000080000000, 0x0000000100000000)
  region size 1024K, 11 young (11264K), 7 survivors (7168K)
 Metaspace       used 35425K, committed 36288K, reserved 1114112K
  class space    used 4813K, committed 5248K, reserved 1048576K
}
Event: 4.563 GC heap after
{Heap after GC invocations=8 (full 0):
 garbage-first heap   total 96256K, used 44096K [0x0000000080000000, 0x0000000100000000)
  region size 1024K, 2 young (2048K), 2 survivors (2048K)
 Metaspace       used 35425K, committed 36288K, reserved 1114112K
  class space    used 4813K, committed 5248K, reserved 1048576K
}
Event: 5.174 GC heap before
{Heap before GC invocations=9 (full 0):
 garbage-first heap   total 96256K, used 81984K [0x0000000080000000, 0x0000000100000000)
  region size 1024K, 39 young (39936K), 2 survivors (2048K)
 Metaspace       used 40324K, committed 41408K, reserved 1114112K
  class space    used 5616K, committed 6144K, reserved 1048576K
}
Event: 5.177 GC heap after
{Heap after GC invocations=10 (full 0):
 garbage-first heap   total 96256K, used 45397K [0x0000000080000000, 0x0000000100000000)
  region size 1024K, 3 young (3072K), 3 survivors (3072K)
 Metaspace       used 40324K, committed 41408K, reserved 1114112K
  class space    used 5616K, committed 6144K, reserved 1048576K
}
Event: 5.816 GC heap before
{Heap before GC invocations=10 (full 0):
 garbage-first heap   total 96256K, used 84309K [0x0000000080000000, 0x0000000100000000)
  region size 1024K, 41 young (41984K), 3 survivors (3072K)
 Metaspace       used 48078K, committed 49408K, reserved 1114112K
  class space    used 6634K, committed 7296K, reserved 1048576K
}
Event: 5.821 GC heap after
{Heap after GC invocations=11 (full 0):
 garbage-first heap   total 96256K, used 48837K [0x0000000080000000, 0x0000000100000000)
  region size 1024K, 6 young (6144K), 6 survivors (6144K)
 Metaspace       used 48078K, committed 49408K, reserved 1114112K
  class space    used 6634K, committed 7296K, reserved 1048576K
}
Event: 6.081 GC heap before
{Heap before GC invocations=11 (full 0):
 garbage-first heap   total 96256K, used 79557K [0x0000000080000000, 0x0000000100000000)
  region size 1024K, 38 young (38912K), 6 survivors (6144K)
 Metaspace       used 49614K, committed 50944K, reserved 1114112K
  class space    used 6762K, committed 7424K, reserved 1048576K
}
Event: 6.087 GC heap after
{Heap after GC invocations=12 (full 0):
 garbage-first heap   total 96256K, used 52511K [0x0000000080000000, 0x0000000100000000)
  region size 1024K, 4 young (4096K), 4 survivors (4096K)
 Metaspace       used 49614K, committed 50944K, reserved 1114112K
  class space    used 6762K, committed 7424K, reserved 1048576K
}
Event: 6.683 GC heap before
{Heap before GC invocations=13 (full 0):
 garbage-first heap   total 99328K, used 90399K [0x0000000080000000, 0x0000000100000000)
  region size 1024K, 36 young (36864K), 4 survivors (4096K)
 Metaspace       used 54339K, committed 55808K, reserved 1114112K
  class space    used 7418K, committed 8128K, reserved 1048576K
}

Dll operation events (3 events):
Event: 0.015 Loaded shared library C:\Program Files\Android\Android Studio1\jbr\bin\java.dll
Event: 0.023 Loaded shared library C:\Program Files\Android\Android Studio1\jbr\bin\zip.dll
Event: 0.735 Loaded shared library C:\Program Files\Android\Android Studio1\jbr\bin\verify.dll

Deoptimization events (20 events):
Event: 6.160 Thread 0x000001ae3f9b29c0 Uncommon trap: trap_request=0xffffffc6 fr.pc=0x000001ae2c9c6ab4 relative=0x0000000000000714
Event: 6.160 Thread 0x000001ae3f9b29c0 Uncommon trap: reason=bimorphic_or_optimized_type_check action=maybe_recompile pc=0x000001ae2c9c6ab4 method=java.util.regex.Pattern$Start.match(Ljava/util/regex/Matcher;ILjava/lang/CharSequence;)Z @ 44 c2
Event: 6.160 Thread 0x000001ae3f9b29c0 DEOPT PACKING pc=0x000001ae2c9c6ab4 sp=0x00000042fc8f7e10
Event: 6.160 Thread 0x000001ae3f9b29c0 DEOPT UNPACKING pc=0x000001ae2c2146a2 sp=0x00000042fc8f7de0 mode 2
Event: 6.183 Thread 0x000001ae3f9b29c0 Uncommon trap: trap_request=0xffffff3d fr.pc=0x000001ae2c82a308 relative=0x0000000000000068
Event: 6.183 Thread 0x000001ae3f9b29c0 Uncommon trap: reason=unstable_fused_if action=reinterpret pc=0x000001ae2c82a308 method=java.lang.CharacterDataLatin1.equalsIgnoreCase(BB)Z @ 16 c2
Event: 6.183 Thread 0x000001ae3f9b29c0 DEOPT PACKING pc=0x000001ae2c82a308 sp=0x00000042fc8f8f60
Event: 6.183 Thread 0x000001ae3f9b29c0 DEOPT UNPACKING pc=0x000001ae2c2146a2 sp=0x00000042fc8f8ee0 mode 2
Event: 6.278 Thread 0x000001ae3f9b29c0 Uncommon trap: trap_request=0xffffff45 fr.pc=0x000001ae2c791d40 relative=0x0000000000000a00
Event: 6.278 Thread 0x000001ae3f9b29c0 Uncommon trap: reason=unstable_if action=reinterpret pc=0x000001ae2c791d40 method=org.objectweb.asm.Frame.push(I)V @ 26 c2
Event: 6.279 Thread 0x000001ae3f9b29c0 DEOPT PACKING pc=0x000001ae2c791d40 sp=0x00000042fc8f6e60
Event: 6.279 Thread 0x000001ae3f9b29c0 DEOPT UNPACKING pc=0x000001ae2c2146a2 sp=0x00000042fc8f6d68 mode 2
Event: 6.309 Thread 0x000001ae3f9b29c0 Uncommon trap: trap_request=0xffffff3d fr.pc=0x000001ae2c827ffc relative=0x0000000000000c7c
Event: 6.309 Thread 0x000001ae3f9b29c0 Uncommon trap: reason=unstable_fused_if action=reinterpret pc=0x000001ae2c827ffc method=org.objectweb.asm.ByteVector.putUTF8(Ljava/lang/String;)Lorg/objectweb/asm/ByteVector; @ 93 c2
Event: 6.309 Thread 0x000001ae3f9b29c0 DEOPT PACKING pc=0x000001ae2c827ffc sp=0x00000042fc8f63a0
Event: 6.309 Thread 0x000001ae3f9b29c0 DEOPT UNPACKING pc=0x000001ae2c2146a2 sp=0x00000042fc8f62f8 mode 2
Event: 6.554 Thread 0x000001ae3f9b29c0 Uncommon trap: trap_request=0xffffff45 fr.pc=0x000001ae2c7bb648 relative=0x0000000000000128
Event: 6.554 Thread 0x000001ae3f9b29c0 Uncommon trap: reason=unstable_if action=reinterpret pc=0x000001ae2c7bb648 method=java.util.Arrays.hashCode([Ljava/lang/Object;)I @ 34 c2
Event: 6.554 Thread 0x000001ae3f9b29c0 DEOPT PACKING pc=0x000001ae2c7bb648 sp=0x00000042fc8f7dc0
Event: 6.554 Thread 0x000001ae3f9b29c0 DEOPT UNPACKING pc=0x000001ae2c2146a2 sp=0x00000042fc8f7d38 mode 2

Classes loaded (20 events):
Event: 6.192 Loading class sun/nio/fs/WindowsException
Event: 6.192 Loading class sun/nio/fs/WindowsException done
Event: 6.196 Loading class java/nio/channels/Channels
Event: 6.196 Loading class java/nio/channels/Channels done
Event: 6.196 Loading class sun/nio/ch/Streams
Event: 6.196 Loading class sun/nio/ch/Streams done
Event: 6.196 Loading class sun/nio/ch/ChannelInputStream
Event: 6.196 Loading class sun/nio/ch/ChannelInputStream done
Event: 6.203 Loading class sun/nio/ch/ChannelOutputStream
Event: 6.203 Loading class sun/nio/ch/ChannelOutputStream done
Event: 6.239 Loading class java/lang/ThreadLocal$SuppliedThreadLocal
Event: 6.240 Loading class java/lang/ThreadLocal$SuppliedThreadLocal done
Event: 6.241 Loading class java/util/function/IntBinaryOperator
Event: 6.241 Loading class java/util/function/IntBinaryOperator done
Event: 6.560 Loading class java/util/PrimitiveIterator$OfInt
Event: 6.560 Loading class java/util/PrimitiveIterator
Event: 6.560 Loading class java/util/PrimitiveIterator done
Event: 6.560 Loading class java/util/PrimitiveIterator$OfInt done
Event: 6.565 Loading class java/util/concurrent/RecursiveAction
Event: 6.565 Loading class java/util/concurrent/RecursiveAction done

Classes unloaded (0 events):
No events

Classes redefined (0 events):
No events

Internal exceptions (20 events):
Event: 6.348 Thread 0x000001ae3f9b29c0 Exception <a 'java/lang/NoSuchMethodError'{0x0000000085191520}: 'java.lang.Object java.lang.invoke.DirectMethodHandle$Holder.invokeSpecial(java.lang.Object, java.lang.Object, java.lang.Object, java.lang.Object, java.lang.Object, int)'> (0x0000000085191520) 
thrown [s\src\hotspot\share\interpreter\linkResolver.cpp, line 784]
Event: 6.348 Thread 0x000001ae3f9b29c0 Exception <a 'java/lang/NoSuchMethodError'{0x0000000085195ef8}: 'java.lang.Object java.lang.invoke.Invokers$Holder.linkToTargetMethod(java.lang.Object, java.lang.Object, java.lang.Object, int, java.lang.Object)'> (0x0000000085195ef8) 
thrown [s\src\hotspot\share\interpreter\linkResolver.cpp, line 784]
Event: 6.421 Thread 0x000001ae3f9b29c0 Exception <a 'java/lang/NoSuchMethodError'{0x0000000084e8eab0}: 'int java.lang.invoke.DirectMethodHandle$Holder.invokeInterface(java.lang.Object, java.lang.Object, java.lang.Object, java.lang.Object)'> (0x0000000084e8eab0) 
thrown [s\src\hotspot\share\interpreter\linkResolver.cpp, line 784]
Event: 6.473 Thread 0x000001ae3f9b29c0 Exception <a 'java/lang/NoSuchMethodError'{0x0000000084ccc898}: 'java.lang.Object java.lang.invoke.DirectMethodHandle$Holder.invokeStatic(java.lang.Object, long, java.lang.Object)'> (0x0000000084ccc898) 
thrown [s\src\hotspot\share\interpreter\linkResolver.cpp, line 784]
Event: 6.474 Thread 0x000001ae3f9b29c0 Exception <a 'java/lang/NoSuchMethodError'{0x0000000084cd3e30}: 'java.lang.Object java.lang.invoke.DirectMethodHandle$Holder.newInvokeSpecial(java.lang.Object, long)'> (0x0000000084cd3e30) 
thrown [s\src\hotspot\share\interpreter\linkResolver.cpp, line 784]
Event: 6.480 Thread 0x000001ae3f9b29c0 Exception <a 'java/lang/NoSuchMethodError'{0x0000000084b30098}: 'java.lang.Object java.lang.invoke.DirectMethodHandle$Holder.newInvokeSpecial(java.lang.Object, java.lang.Object, java.lang.Object, java.lang.Object, java.lang.Object, long)'> (0x0000000084b30098) 
thrown [s\src\hotspot\share\interpreter\linkResolver.cpp, line 784]
Event: 6.481 Thread 0x000001ae3f9b29c0 Exception <a 'java/lang/NoSuchMethodError'{0x0000000084b353e0}: 'java.lang.Object java.lang.invoke.DirectMethodHandle$Holder.invokeSpecial(java.lang.Object, java.lang.Object, java.lang.Object, java.lang.Object, java.lang.Object, java.lang.Object, long)'> (0x0000000084b353e0) 
thrown [s\src\hotspot\share\interpreter\linkResolver.cpp, line 784]
Event: 6.481 Thread 0x000001ae3f9b29c0 Exception <a 'java/lang/NoSuchMethodError'{0x0000000084b39ec8}: 'java.lang.Object java.lang.invoke.Invokers$Holder.linkToTargetMethod(java.lang.Object, java.lang.Object, java.lang.Object, java.lang.Object, long, java.lang.Object)'> (0x0000000084b39ec8) 
thrown [s\src\hotspot\share\interpreter\linkResolver.cpp, line 784]
Event: 6.486 Thread 0x000001ae3f9b29c0 Exception <a 'java/lang/NoSuchMethodError'{0x0000000084b829a8}: 'java.lang.Object java.lang.invoke.DirectMethodHandle$Holder.newInvokeSpecial(java.lang.Object, java.lang.Object, java.lang.Object, long)'> (0x0000000084b829a8) 
thrown [s\src\hotspot\share\interpreter\linkResolver.cpp, line 784]
Event: 6.487 Thread 0x000001ae3f9b29c0 Exception <a 'java/lang/NoSuchMethodError'{0x0000000084b878f0}: 'java.lang.Object java.lang.invoke.DirectMethodHandle$Holder.invokeSpecial(java.lang.Object, java.lang.Object, java.lang.Object, java.lang.Object, long)'> (0x0000000084b878f0) 
thrown [s\src\hotspot\share\interpreter\linkResolver.cpp, line 784]
Event: 6.487 Thread 0x000001ae3f9b29c0 Exception <a 'java/lang/NoSuchMethodError'{0x0000000084b8bfb8}: 'java.lang.Object java.lang.invoke.Invokers$Holder.linkToTargetMethod(java.lang.Object, java.lang.Object, long, java.lang.Object)'> (0x0000000084b8bfb8) 
thrown [s\src\hotspot\share\interpreter\linkResolver.cpp, line 784]
Event: 6.517 Thread 0x000001ae3f9b29c0 Exception <a 'java/lang/NoSuchMethodError'{0x00000000849c4d60}: 'java.lang.Object java.lang.invoke.DirectMethodHandle$Holder.newInvokeSpecial(java.lang.Object, java.lang.Object, java.lang.Object, java.lang.Object, java.lang.Object, java.lang.Object, java.lang.Object, java.lang.Object, java.lang.Object, java.lang.Object, java.lang.Object, java.lang.Object, java.lang.Object, java.lang.Object, java.lang.Object, java.lang.Object, java.lang.Object, java.lang.Object, java.lang.Object, java.lang.Object, java.lang
Event: 6.554 Thread 0x000001ae3f9b29c0 Implicit null exception at 0x000001ae2c7bb57c to 0x000001ae2c7bb62c
Event: 6.573 Thread 0x000001ae3f9b29c0 Exception <a 'java/lang/ClassNotFoundException'{0x00000000845bd738}: org/gradle/api/internal/artifacts/dsl/dependencies/DefaultDependencyHandler_DecoratedBeanInfo> (0x00000000845bd738) 
thrown [s\src\hotspot\share\classfile\systemDictionary.cpp, line 312]
Event: 6.575 Thread 0x000001ae3f9b29c0 Exception <a 'java/lang/ClassNotFoundException'{0x00000000845d2fb8}: org/gradle/api/internal/artifacts/dsl/dependencies/DefaultDependencyHandlerBeanInfo> (0x00000000845d2fb8) 
thrown [s\src\hotspot\share\classfile\systemDictionary.cpp, line 312]
Event: 6.576 Thread 0x000001ae3f9b29c0 Exception <a 'java/lang/ClassNotFoundException'{0x00000000845e8298}: org/gradle/api/internal/artifacts/dsl/dependencies/DefaultDependencyHandlerCustomizer> (0x00000000845e8298) 
thrown [s\src\hotspot\share\classfile\systemDictionary.cpp, line 312]
Event: 6.579 Thread 0x000001ae3f9b29c0 Exception <a 'java/lang/ClassNotFoundException'{0x0000000084432090}: org/gradle/api/internal/artifacts/dsl/dependencies/DefaultDependencyHandler_DecoratedCustomizer> (0x0000000084432090) 
thrown [s\src\hotspot\share\classfile\systemDictionary.cpp, line 312]
Event: 6.582 Thread 0x000001ae3f9b29c0 Exception <a 'java/lang/ClassNotFoundException'{0x0000000084472890}: sync_studio_tooling8_9rotlkjtvff3l6slfper1yg37$_run_closure1BeanInfo> (0x0000000084472890) 
thrown [s\src\hotspot\share\classfile\systemDictionary.cpp, line 312]
Event: 6.582 Thread 0x000001ae3f9b29c0 Exception <a 'java/lang/ClassNotFoundException'{0x0000000084479cf0}: sync_studio_tooling8_9rotlkjtvff3l6slfper1yg37$_run_closure1Customizer> (0x0000000084479cf0) 
thrown [s\src\hotspot\share\classfile\systemDictionary.cpp, line 312]
Event: 6.635 Thread 0x000001ae3f9b29c0 Exception <a 'java/lang/NoSuchMethodError'{0x0000000084022a08}: 'java.lang.Object java.lang.invoke.DirectMethodHandle$Holder.newInvokeSpecial(java.lang.Object, int, java.lang.Object)'> (0x0000000084022a08) 
thrown [s\src\hotspot\share\interpreter\linkResolver.cpp, line 784]

ZGC Phase Switch (0 events):
No events

VM Operations (20 events):
Event: 5.691 Executing VM operation: HandshakeAllThreads (Deoptimize) done
Event: 5.752 Executing VM operation: HandshakeAllThreads (Deoptimize)
Event: 5.752 Executing VM operation: HandshakeAllThreads (Deoptimize) done
Event: 5.816 Executing VM operation: G1CollectForAllocation (G1 Evacuation Pause)
Event: 5.821 Executing VM operation: G1CollectForAllocation (G1 Evacuation Pause) done
Event: 5.842 Executing VM operation: HandshakeAllThreads (Deoptimize)
Event: 5.842 Executing VM operation: HandshakeAllThreads (Deoptimize) done
Event: 5.899 Executing VM operation: HandshakeAllThreads (Deoptimize)
Event: 5.900 Executing VM operation: HandshakeAllThreads (Deoptimize) done
Event: 6.081 Executing VM operation: G1TryInitiateConcMark (G1 Humongous Allocation)
Event: 6.087 Executing VM operation: G1TryInitiateConcMark (G1 Humongous Allocation) done
Event: 6.101 Executing VM operation: G1PauseRemark
Event: 6.121 Executing VM operation: G1PauseRemark done
Event: 6.132 Executing VM operation: G1PauseCleanup
Event: 6.132 Executing VM operation: G1PauseCleanup done
Event: 6.337 Executing VM operation: HandshakeAllThreads (Deoptimize)
Event: 6.337 Executing VM operation: HandshakeAllThreads (Deoptimize) done
Event: 6.419 Executing VM operation: HandshakeAllThreads (Deoptimize)
Event: 6.419 Executing VM operation: HandshakeAllThreads (Deoptimize) done
Event: 6.682 Executing VM operation: G1CollectForAllocation (G1 Evacuation Pause)

Events (20 events):
Event: 6.121 Thread 0x000001ae397d7aa0 flushing nmethod 0x000001ae2c945a90
Event: 6.121 Thread 0x000001ae397d7aa0 flushing nmethod 0x000001ae2c93a510
Event: 6.121 Thread 0x000001ae397d7aa0 flushing nmethod 0x000001ae2c943790
Event: 6.121 Thread 0x000001ae397d7aa0 flushing nmethod 0x000001ae2c897010
Event: 6.121 Thread 0x000001ae397d7aa0 flushing nmethod 0x000001ae2c896010
Event: 6.121 Thread 0x000001ae397d7aa0 flushing nmethod 0x000001ae2c8efe90
Event: 6.121 Thread 0x000001ae397d7aa0 flushing nmethod 0x000001ae2c8ee890
Event: 6.121 Thread 0x000001ae397d7aa0 flushing nmethod 0x000001ae2c8ee090
Event: 6.121 Thread 0x000001ae397d7aa0 flushing nmethod 0x000001ae2c862210
Event: 6.121 Thread 0x000001ae397d7aa0 flushing nmethod 0x000001ae2c87d110
Event: 6.121 Thread 0x000001ae397d7aa0 flushing nmethod 0x000001ae2c87c810
Event: 6.121 Thread 0x000001ae397d7aa0 flushing nmethod 0x000001ae2c84db10
Event: 6.121 Thread 0x000001ae397d7aa0 flushing nmethod 0x000001ae2c830010
Event: 6.121 Thread 0x000001ae397d7aa0 flushing nmethod 0x000001ae2c81f990
Event: 6.121 Thread 0x000001ae397d7aa0 flushing nmethod 0x000001ae2c82b410
Event: 6.121 Thread 0x000001ae397d7aa0 flushing nmethod 0x000001ae2c804b90
Event: 6.121 Thread 0x000001ae397d7aa0 flushing nmethod 0x000001ae2c7efc10
Event: 6.121 Thread 0x000001ae397d7aa0 flushing nmethod 0x000001ae2c7d2910
Event: 6.121 Thread 0x000001ae397d7aa0 flushing nmethod 0x000001ae2c781010
Event: 6.121 Thread 0x000001ae397d7aa0 flushing nmethod 0x000001ae2c789f10


Dynamic libraries:
0x00007ff6242c0000 - 0x00007ff6242ca000 	C:\Program Files\Android\Android Studio1\jbr\bin\java.exe
0x00007ffe3bfe0000 - 0x00007ffe3c248000 	C:\WINDOWS\SYSTEM32\ntdll.dll
0x00007ffe3aab0000 - 0x00007ffe3ab79000 	C:\WINDOWS\System32\KERNEL32.DLL
0x00007ffe396d0000 - 0x00007ffe39ac8000 	C:\WINDOWS\System32\KERNELBASE.dll
0x00007ffe39390000 - 0x00007ffe394db000 	C:\WINDOWS\System32\ucrtbase.dll
0x00007ffe33350000 - 0x00007ffe33368000 	C:\Program Files\Android\Android Studio1\jbr\bin\jli.dll
0x00007ffdc0f00000 - 0x00007ffdc0f1b000 	C:\Program Files\Android\Android Studio1\jbr\bin\VCRUNTIME140.dll
0x00007ffe3a090000 - 0x00007ffe3a257000 	C:\WINDOWS\System32\USER32.dll
0x00007ffe39360000 - 0x00007ffe39387000 	C:\WINDOWS\System32\win32u.dll
0x00007ffe3a060000 - 0x00007ffe3a08b000 	C:\WINDOWS\System32\GDI32.dll
0x00007ffe394e0000 - 0x00007ffe3960c000 	C:\WINDOWS\System32\gdi32full.dll
0x00007ffe1aa60000 - 0x00007ffe1acf4000 	C:\WINDOWS\WinSxS\amd64_microsoft.windows.common-controls_6595b64144ccf1df_6.0.26100.7019_none_3e06ffa0e335b8a8\COMCTL32.dll
0x00007ffe39fb0000 - 0x00007ffe3a059000 	C:\WINDOWS\System32\msvcrt.dll
0x00007ffe39130000 - 0x00007ffe391d3000 	C:\WINDOWS\System32\msvcp_win.dll
0x00007ffe3b620000 - 0x00007ffe3b651000 	C:\WINDOWS\System32\IMM32.DLL
0x00007ffe24c30000 - 0x00007ffe24c3c000 	C:\Program Files\Android\Android Studio1\jbr\bin\vcruntime140_1.dll
0x00007ffdf1620000 - 0x00007ffdf16ad000 	C:\Program Files\Android\Android Studio1\jbr\bin\msvcp140.dll
0x00007ffd741e0000 - 0x00007ffd74e5d000 	C:\Program Files\Android\Android Studio1\jbr\bin\server\jvm.dll
0x00007ffe3a560000 - 0x00007ffe3a614000 	C:\WINDOWS\System32\ADVAPI32.dll
0x00007ffe3a330000 - 0x00007ffe3a3d6000 	C:\WINDOWS\System32\sechost.dll
0x00007ffe3ab90000 - 0x00007ffe3aca8000 	C:\WINDOWS\System32\RPCRT4.dll
0x00007ffe3a260000 - 0x00007ffe3a2d4000 	C:\WINDOWS\System32\WS2_32.dll
0x00007ffe38f90000 - 0x00007ffe38fee000 	C:\WINDOWS\SYSTEM32\POWRPROF.dll
0x00007ffe31cd0000 - 0x00007ffe31d05000 	C:\WINDOWS\SYSTEM32\WINMM.dll
0x00007ffe31d10000 - 0x00007ffe31d1b000 	C:\WINDOWS\SYSTEM32\VERSION.dll
0x00007ffe38f70000 - 0x00007ffe38f84000 	C:\WINDOWS\SYSTEM32\UMPDC.dll
0x00007ffe37ef0000 - 0x00007ffe37f0b000 	C:\WINDOWS\SYSTEM32\kernel.appcore.dll
0x00007ffdc0ef0000 - 0x00007ffdc0efa000 	C:\Program Files\Android\Android Studio1\jbr\bin\jimage.dll
0x00007ffe36940000 - 0x00007ffe36b82000 	C:\WINDOWS\SYSTEM32\DBGHELP.DLL
0x00007ffe3bc10000 - 0x00007ffe3bf9b000 	C:\WINDOWS\System32\combase.dll
0x00007ffe3a460000 - 0x00007ffe3a537000 	C:\WINDOWS\System32\OLEAUT32.dll
0x00007ffe23d60000 - 0x00007ffe23d9c000 	C:\WINDOWS\SYSTEM32\dbgcore.DLL
0x00007ffe39ad0000 - 0x00007ffe39b75000 	C:\WINDOWS\System32\bcryptPrimitives.dll
0x00007ffe2d480000 - 0x00007ffe2d48e000 	C:\Program Files\Android\Android Studio1\jbr\bin\instrument.dll
0x00007ffdc0ed0000 - 0x00007ffdc0eef000 	C:\Program Files\Android\Android Studio1\jbr\bin\java.dll
0x00007ffdc0eb0000 - 0x00007ffdc0ec8000 	C:\Program Files\Android\Android Studio1\jbr\bin\zip.dll
0x00007ffe3aec0000 - 0x00007ffe3b60f000 	C:\WINDOWS\System32\SHELL32.dll
0x00007ffe39c10000 - 0x00007ffe39d7b000 	C:\WINDOWS\System32\wintypes.dll
0x00007ffe36d40000 - 0x00007ffe3759d000 	C:\WINDOWS\SYSTEM32\windows.storage.dll
0x00007ffe3b900000 - 0x00007ffe3b9f2000 	C:\WINDOWS\System32\SHCORE.dll
0x00007ffe3ba00000 - 0x00007ffe3ba67000 	C:\WINDOWS\System32\shlwapi.dll
0x00007ffe39050000 - 0x00007ffe39079000 	C:\WINDOWS\SYSTEM32\profapi.dll
0x00007ffdc0ea0000 - 0x00007ffdc0eb0000 	C:\Program Files\Android\Android Studio1\jbr\bin\net.dll
0x00007ffe319c0000 - 0x00007ffe31ae8000 	C:\WINDOWS\SYSTEM32\WINHTTP.dll
0x00007ffe38460000 - 0x00007ffe384cb000 	C:\WINDOWS\system32\mswsock.dll
0x00007ffd839e0000 - 0x00007ffd839f6000 	C:\Program Files\Android\Android Studio1\jbr\bin\nio.dll
0x00007ffe316b0000 - 0x00007ffe316c0000 	C:\Program Files\Android\Android Studio1\jbr\bin\verify.dll
0x00007ffdbaf70000 - 0x00007ffdbaf97000 	C:\Users\LENOVO\.gradle\native\c067742578af261105cb4f569cf0c3c89f3d7b1fecec35dd04571415982c5e48\windows-amd64\native-platform.dll
0x00007ffd74ed0000 - 0x00007ffd75014000 	C:\Users\LENOVO\.gradle\native\100fb08df4bc3b14c8652ba06237920a3bd2aa13389f12d3474272988ae205f9\windows-amd64\native-platform-file-events.dll
0x00007ffd81da0000 - 0x00007ffd81da9000 	C:\Program Files\Android\Android Studio1\jbr\bin\management.dll
0x00007ffd81d90000 - 0x00007ffd81d9b000 	C:\Program Files\Android\Android Studio1\jbr\bin\management_ext.dll
0x00007ffe3ab80000 - 0x00007ffe3ab88000 	C:\WINDOWS\System32\PSAPI.DLL
0x00007ffe38720000 - 0x00007ffe3873b000 	C:\WINDOWS\SYSTEM32\CRYPTSP.dll
0x00007ffe37e50000 - 0x00007ffe37e8a000 	C:\WINDOWS\system32\rsaenh.dll
0x00007ffe38510000 - 0x00007ffe3853b000 	C:\WINDOWS\SYSTEM32\USERENV.dll
0x00007ffe39020000 - 0x00007ffe3904a000 	C:\WINDOWS\SYSTEM32\bcrypt.dll
0x00007ffe38740000 - 0x00007ffe3874c000 	C:\WINDOWS\SYSTEM32\CRYPTBASE.dll
0x00007ffe378c0000 - 0x00007ffe378f4000 	C:\WINDOWS\SYSTEM32\IPHLPAPI.DLL
0x00007ffe3b850000 - 0x00007ffe3b85a000 	C:\WINDOWS\System32\NSI.dll
0x00007ffdc0e90000 - 0x00007ffdc0e99000 	C:\Program Files\Android\Android Studio1\jbr\bin\extnet.dll
0x00007ffe316a0000 - 0x00007ffe316a8000 	C:\WINDOWS\system32\wshunix.dll

dbghelp: loaded successfully - version: 4.0.5 - missing functions: none
symbol engine: initialized successfully - sym options: 0x614 - pdb path: .;C:\Program Files\Android\Android Studio1\jbr\bin;C:\WINDOWS\SYSTEM32;C:\WINDOWS\WinSxS\amd64_microsoft.windows.common-controls_6595b64144ccf1df_6.0.26100.7019_none_3e06ffa0e335b8a8;C:\Program Files\Android\Android Studio1\jbr\bin\server;C:\Users\LENOVO\.gradle\native\c067742578af261105cb4f569cf0c3c89f3d7b1fecec35dd04571415982c5e48\windows-amd64;C:\Users\LENOVO\.gradle\native\100fb08df4bc3b14c8652ba06237920a3bd2aa13389f12d3474272988ae205f9\windows-amd64

VM Arguments:
jvm_args: --add-opens=java.base/java.util=ALL-UNNAMED --add-opens=java.base/java.lang=ALL-UNNAMED --add-opens=java.base/java.lang.invoke=ALL-UNNAMED --add-opens=java.prefs/java.util.prefs=ALL-UNNAMED --add-exports=jdk.compiler/com.sun.tools.javac.api=ALL-UNNAMED --add-exports=jdk.compiler/com.sun.tools.javac.util=ALL-UNNAMED --add-opens=java.base/java.nio.charset=ALL-UNNAMED --add-opens=java.base/java.net=ALL-UNNAMED --add-opens=java.base/java.util.concurrent.atomic=ALL-UNNAMED -Xmx2048m -Dfile.encoding=UTF-8 -Duser.country=US -Duser.language=en -Duser.variant -javaagent:C:\Users\LENOVO\.gradle\wrapper\dists\gradle-8.10.2-bin\a04bxjujx95o3nb99gddekhwo\gradle-8.10.2\lib\agents\gradle-instrumentation-agent-8.10.2.jar 
java_command: org.gradle.launcher.daemon.bootstrap.GradleDaemon 8.10.2
java_class_path (initial): C:\Users\LENOVO\.gradle\wrapper\dists\gradle-8.10.2-bin\a04bxjujx95o3nb99gddekhwo\gradle-8.10.2\lib\gradle-daemon-main-8.10.2.jar
Launcher Type: SUN_STANDARD

[Global flags]
     intx CICompilerCount                          = 4                                         {product} {ergonomic}
     uint ConcGCThreads                            = 3                                         {product} {ergonomic}
     uint G1ConcRefinementThreads                  = 10                                        {product} {ergonomic}
   size_t G1HeapRegionSize                         = 1048576                                   {product} {ergonomic}
    uintx GCDrainStackTargetSize                   = 64                                        {product} {ergonomic}
   size_t InitialHeapSize                          = 232783872                                 {product} {ergonomic}
   size_t MarkStackSize                            = 4194304                                   {product} {ergonomic}
   size_t MaxHeapSize                              = 2147483648                                {product} {command line}
   size_t MaxNewSize                               = 1287651328                                {product} {ergonomic}
   size_t MinHeapDeltaBytes                        = 1048576                                   {product} {ergonomic}
   size_t MinHeapSize                              = 8388608                                   {product} {ergonomic}
    uintx NonNMethodCodeHeapSize                   = 5839372                                {pd product} {ergonomic}
    uintx NonProfiledCodeHeapSize                  = 122909434                              {pd product} {ergonomic}
    uintx ProfiledCodeHeapSize                     = 122909434                              {pd product} {ergonomic}
    uintx ReservedCodeCacheSize                    = 251658240                              {pd product} {ergonomic}
     bool SegmentedCodeCache                       = true                                      {product} {ergonomic}
   size_t SoftMaxHeapSize                          = 2147483648                             {manageable} {ergonomic}
     bool UseCompressedOops                        = true                           {product lp64_product} {ergonomic}
     bool UseG1GC                                  = true                                      {product} {ergonomic}
     bool UseLargePagesIndividualAllocation        = false                                  {pd product} {ergonomic}

Logging:
Log output configuration:
 #0: stdout all=warning uptime,level,tags foldmultilines=false
 #1: stderr all=off uptime,level,tags foldmultilines=false

Environment Variables:
JAVA_HOME=C:\Program Files\Java\jdk-21
PATH=C:\Program Files\Common Files\Oracle\Java\javapath;C:\WINDOWS\system32;C:\WINDOWS;C:\WINDOWS\System32\Wbem;C:\WINDOWS\System32\WindowsPowerShell\v1.0\;C:\WINDOWS\System32\OpenSSH\;C:\Program Files (x86)\Git\cmd;C:\Program Files\nodejs\;C:\Program Files\PuTTY\;C:\xampp\php;C:\ProgramData\ComposerSetup\bin;C:\Users\LENOVO\AppData\Local\Microsoft\WindowsApps;C:\Users\LENOVO\AppData\Local\Programs\Microsoft VS Code\bin;C:\Users\LENOVO\AppData\Local\GitHubDesktop\bin;C:\Users\LENOVO\AppData\Roaming\npm;C:\Users\LENOVO\AppData\Roaming\Composer\vendor\bin
USERNAME=LENOVO
OS=Windows_NT
PROCESSOR_IDENTIFIER=AMD64 Family 23 Model 104 Stepping 1, AuthenticAMD
TMP=C:\Users\LENOVO\AppData\Local\Temp
TEMP=C:\Users\LENOVO\AppData\Local\Temp




Periodic native trim disabled

JNI global refs:
JNI global refs: 26, weak refs: 0

JNI global refs memory usage: 835, weak refs: 833

Process memory usage:
Resident Set Size: 272956K (1% of 14521848K total physical memory with 1194852K free physical memory)

OOME stack traces (most recent first):
Classloader memory used:
Loader org.gradle.internal.classloader.VisitableURLClassLoader                         : 25360K
Loader bootstrap                                                                       : 21928K
Loader org.gradle.initialization.MixInLegacyTypesClassLoader                           : 5446K
Loader org.gradle.internal.classloader.VisitableURLClassLoader                         : 690K
Loader jdk.internal.loader.ClassLoaders$PlatformClassLoader                            : 495K
Loader jdk.internal.loader.ClassLoaders$AppClassLoader                                 : 234K
Loader jdk.internal.reflect.DelegatingClassLoader                                      : 140K
Loader org.gradle.groovy.scripts.internal.DefaultScriptCompilationHandler$ScriptClassLoader: 35864B
Loader org.codehaus.groovy.runtime.callsite.CallSiteClassLoader                        : 7184B

Classes loaded by more than one classloader:
Class org.gradle.api.GradleException                                                  : loaded 3 times (x 79B)
Class org.gradle.internal.classloader.ClassLoaderHierarchy                            : loaded 2 times (x 67B)
Class org.gradle.api.internal.classpath.ManifestUtil                                  : loaded 2 times (x 68B)
Class org.gradle.internal.operations.MultipleBuildOperationFailures                   : loaded 2 times (x 92B)
Class org.gradle.internal.classloader.DefaultClassLoaderFactory                       : loaded 2 times (x 79B)
Class kotlin.collections.AbstractList$Companion                                       : loaded 2 times (x 68B)
Class org.gradle.internal.classloader.ClassLoaderVisitor                              : loaded 2 times (x 73B)
Class org.gradle.api.internal.classpath.EffectiveClassPath                            : loaded 2 times (x 87B)
Class org.gradle.api.internal.DefaultClassPathProvider                                : loaded 2 times (x 73B)
Class [Lorg.gradle.api.internal.ClassPathProvider;                                    : loaded 2 times (x 66B)
Class org.gradle.api.internal.ClassPathProvider                                       : loaded 2 times (x 67B)
Class org.gradle.internal.service.UnknownServiceException                             : loaded 2 times (x 80B)
Class org.gradle.internal.classpath.TransformedClassPath                              : loaded 2 times (x 93B)
Class org.gradle.internal.classloader.InstrumentingClassLoader                        : loaded 2 times (x 67B)
Class kotlin.enums.EnumEntriesList                                                    : loaded 2 times (x 220B)
Class org.gradle.internal.service.ServiceLocator                                      : loaded 2 times (x 67B)
Class org.gradle.internal.InternalTransformer                                         : loaded 2 times (x 67B)
Class org.gradle.internal.time.DefaultTimer                                           : loaded 2 times (x 77B)
Class org.gradle.internal.classloader.ClasspathUtil$1                                 : loaded 2 times (x 73B)
Class org.gradle.api.internal.classpath.DefaultModuleRegistry$DefaultModule           : loaded 2 times (x 83B)
Class org.gradle.internal.time.DefaultCountdownTimer                                  : loaded 2 times (x 85B)
Class kotlin.Function                                                                 : loaded 2 times (x 67B)
Class org.gradle.api.internal.classpath.Module                                        : loaded 2 times (x 67B)
Class org.gradle.api.internal.classpath.UnknownModuleException                        : loaded 2 times (x 79B)
Class org.gradle.api.internal.DefaultClassPathRegistry                                : loaded 2 times (x 73B)
Class org.gradle.api.internal.ClassPathRegistry                                       : loaded 2 times (x 67B)
Class org.gradle.internal.classpath.DefaultClassPath$ImmutableUniqueList              : loaded 2 times (x 196B)
Class org.gradle.internal.classpath.ClassPath                                         : loaded 2 times (x 67B)
Class org.gradle.api.UncheckedIOException                                             : loaded 2 times (x 79B)
Class kotlin.UninitializedPropertyAccessException                                     : loaded 2 times (x 79B)
Class org.gradle.internal.installation.GradleInstallation$1                           : loaded 2 times (x 72B)
Class org.gradle.api.internal.classpath.ModuleRegistry                                : loaded 2 times (x 67B)
Class org.gradle.api.internal.classpath.DefaultModuleRegistry                         : loaded 2 times (x 83B)
Class org.gradle.internal.time.MonotonicClock                                         : loaded 2 times (x 74B)
Class org.gradle.internal.service.ServiceLookupException                              : loaded 2 times (x 79B)
Class org.gradle.internal.classloader.ClassLoaderFactory                              : loaded 2 times (x 67B)
Class org.gradle.internal.service.CachingServiceLocator                               : loaded 2 times (x 79B)
Class org.gradle.internal.time.TimeSource                                             : loaded 2 times (x 67B)
Class kotlin.enums.EnumEntries                                                        : loaded 2 times (x 67B)
Class org.gradle.internal.exceptions.ResolutionProvider                               : loaded 2 times (x 67B)
Class org.gradle.internal.classloader.ClasspathUtil                                   : loaded 2 times (x 68B)
Class org.gradle.internal.time.TimeSource$1                                           : loaded 2 times (x 74B)
Class org.gradle.api.specs.Spec                                                       : loaded 2 times (x 67B)
Class org.gradle.internal.time.Clock                                                  : loaded 2 times (x 67B)
Class kotlin.collections.AbstractList                                                 : loaded 2 times (x 194B)
Class kotlin.collections.AbstractCollection                                           : loaded 2 times (x 114B)
Class org.gradle.internal.classloader.VisitableURLClassLoader$InstrumentingVisitableURLClassLoader: loaded 2 times (x 120B)
Class org.gradle.internal.classloader.VisitableURLClassLoader$Spec                    : loaded 2 times (x 71B)
Class org.gradle.internal.classpath.DefaultClassPath                                  : loaded 2 times (x 87B)
Class org.gradle.internal.classloader.ClassLoaderSpec                                 : loaded 2 times (x 68B)
Class org.gradle.internal.classloader.VisitableURLClassLoader                         : loaded 2 times (x 114B)
Class org.gradle.internal.Cast                                                        : loaded 2 times (x 68B)
Class org.gradle.api.Action                                                           : loaded 2 times (x 67B)
Class org.gradle.internal.classpath.DefaultClassPath$ImmutableUniqueList$Builder      : loaded 2 times (x 72B)
Class org.gradle.internal.classloader.FilteringClassLoader                            : loaded 2 times (x 102B)
Class org.gradle.internal.exceptions.NonGradleCauseExceptionsHolder                   : loaded 2 times (x 67B)
Class kotlin.enums.EnumEntriesKt                                                      : loaded 2 times (x 68B)
Class org.gradle.internal.IoActions                                                   : loaded 2 times (x 68B)
Class org.gradle.internal.classloader.SystemClassLoaderSpec                           : loaded 2 times (x 68B)
Class org.gradle.internal.exceptions.MultiCauseException                              : loaded 2 times (x 67B)
Class org.gradle.internal.time.CountdownTimer                                         : loaded 2 times (x 67B)
Class kotlin.jvm.internal.Intrinsics                                                  : loaded 2 times (x 68B)
Class org.gradle.tooling.model.ProjectModel                                           : loaded 2 times (x 67B)
Class kotlin.KotlinNullPointerException                                               : loaded 2 times (x 80B)
Class org.gradle.internal.exceptions.DefaultMultiCauseException                       : loaded 2 times (x 92B)
Class org.gradle.internal.time.Time                                                   : loaded 2 times (x 68B)
Class org.gradle.api.internal.classpath.GlobalCacheRootsProvider                      : loaded 2 times (x 67B)
Class org.gradle.internal.time.Timer                                                  : loaded 2 times (x 67B)
Class kotlin.jvm.internal.markers.KMappedMarker                                       : loaded 2 times (x 67B)
Class org.gradle.internal.installation.CurrentGradleInstallationLocator               : loaded 2 times (x 68B)
Class org.gradle.internal.service.DefaultServiceLocator                               : loaded 2 times (x 80B)
Class org.gradle.util.GradleVersion                                                   : loaded 2 times (x 80B)
Class org.gradle.internal.installation.CurrentGradleInstallation                      : loaded 2 times (x 70B)
Class org.gradle.util.internal.GUtil                                                  : loaded 2 times (x 68B)
Class org.gradle.internal.installation.GradleInstallation                             : loaded 2 times (x 72B)

---------------  S Y S T E M  ---------------

OS:
 Windows 11 , 64 bit Build 26100 (10.0.26100.7019)
OS uptime: 5 days 2:33 hours
Hyper-V role detected

CPU: total 12 (initial active 12) (12 cores per cpu, 2 threads per core) family 23 model 104 stepping 1 microcode 0x8608103, cx8, cmov, fxsr, ht, mmx, 3dnowpref, sse, sse2, sse3, ssse3, sse4a, sse4.1, sse4.2, popcnt, lzcnt, tsc, tscinvbit, avx, avx2, aes, clmul, bmi1, bmi2, adx, sha, fma, vzeroupper, clflush, clflushopt, hv, rdtscp, rdpid, f16c
Processor Information for processor 0
  Max Mhz: 2100, Current Mhz: 1813, Mhz Limit: 2100
Processor Information for processor 1
  Max Mhz: 2100, Current Mhz: 2100, Mhz Limit: 2100
Processor Information for processor 2
  Max Mhz: 2100, Current Mhz: 1813, Mhz Limit: 2100
Processor Information for processor 3
  Max Mhz: 2100, Current Mhz: 1813, Mhz Limit: 2100
Processor Information for processor 4
  Max Mhz: 2100, Current Mhz: 1813, Mhz Limit: 2100
Processor Information for processor 5
  Max Mhz: 2100, Current Mhz: 2100, Mhz Limit: 2100
Processor Information for processor 6
  Max Mhz: 2100, Current Mhz: 1813, Mhz Limit: 2100
Processor Information for processor 7
  Max Mhz: 2100, Current Mhz: 1813, Mhz Limit: 2100
Processor Information for processor 8
  Max Mhz: 2100, Current Mhz: 1813, Mhz Limit: 2100
Processor Information for processor 9
  Max Mhz: 2100, Current Mhz: 1813, Mhz Limit: 2100
Processor Information for processor 10
  Max Mhz: 2100, Current Mhz: 1813, Mhz Limit: 2100
Processor Information for processor 11
  Max Mhz: 2100, Current Mhz: 1813, Mhz Limit: 2100

Memory: 4k page, system-wide physical 14181M (1168M free)
TotalPageFile size 22373M (AvailPageFile size 22M)
current process WorkingSet (physical memory assigned to process): 266M, peak: 269M
current process commit charge ("private bytes"): 303M, peak: 353M

vm_info: OpenJDK 64-Bit Server VM (21.0.3+-12282718-b509.11) for windows-amd64 JRE (21.0.3+-12282718-b509.11), built on 2024-08-27T17:34:15Z by "builder" with MS VC++ 16.10 / 16.11 (VS2019)

END.
